{"C:\\Users\\YOGA 7\\Desktop\\web3\\opensource\\orbital_stellar\\packages\\pulse-core\\src\\EventEngine.ts": {"path":"C:\\Users\\YOGA 7\\Desktop\\web3\\opensource\\orbital_stellar\\packages\\pulse-core\\src\\EventEngine.ts","all":false,"statementMap":{"0":{"start":{"line":1,"column":0},"end":{"line":1,"column":47}},"1":{"start":{"line":2,"column":0},"end":{"line":2,"column":39}},"23":{"start":{"line":24,"column":0},"end":{"line":24,"column":47}},"24":{"start":{"line":25,"column":0},"end":{"line":25,"column":41}},"25":{"start":{"line":26,"column":0},"end":{"line":26,"column":49}},"26":{"start":{"line":27,"column":0},"end":{"line":27,"column":2}},"28":{"start":{"line":29,"column":0},"end":{"line":29,"column":54}},"29":{"start":{"line":30,"column":0},"end":{"line":30,"column":23}},"30":{"start":{"line":31,"column":0},"end":{"line":31,"column":20}},"31":{"start":{"line":32,"column":0},"end":{"line":32,"column":39}},"32":{"start":{"line":33,"column":0},"end":{"line":33,"column":2}},"34":{"start":{"line":35,"column":0},"end":{"line":35,"column":26}},"35":{"start":{"line":36,"column":0},"end":{"line":36,"column":33}},"36":{"start":{"line":37,"column":0},"end":{"line":37,"column":53}},"37":{"start":{"line":38,"column":0},"end":{"line":38,"column":50}},"38":{"start":{"line":39,"column":0},"end":{"line":39,"column":70}},"39":{"start":{"line":40,"column":0},"end":{"line":40,"column":31}},"40":{"start":{"line":41,"column":0},"end":{"line":41,"column":63}},"41":{"start":{"line":42,"column":0},"end":{"line":42,"column":62}},"42":{"start":{"line":43,"column":0},"end":{"line":43,"column":28}},"44":{"start":{"line":45,"column":0},"end":{"line":45,"column":35}},"45":{"start":{"line":46,"column":0},"end":{"line":46,"column":67}},"46":{"start":{"line":47,"column":0},"end":{"line":47,"column":28}},"47":{"start":{"line":48,"column":0},"end":{"line":48,"column":27}},"48":{"start":{"line":49,"column":0},"end":{"line":49,"column":26}},"49":{"start":{"line":50,"column":0},"end":{"line":50,"column":6}},"50":{"start":{"line":51,"column":0},"end":{"line":51,"column":3}},"52":{"start":{"line":53,"column":0},"end":{"line":53,"column":39}},"53":{"start":{"line":54,"column":0},"end":{"line":54,"column":55}},"54":{"start":{"line":55,"column":0},"end":{"line":55,"column":26}},"55":{"start":{"line":56,"column":0},"end":{"line":56,"column":29}},"56":{"start":{"line":57,"column":0},"end":{"line":57,"column":5}},"58":{"start":{"line":59,"column":0},"end":{"line":59,"column":48}},"59":{"start":{"line":60,"column":0},"end":{"line":60,"column":36}},"60":{"start":{"line":61,"column":0},"end":{"line":61,"column":7}},"61":{"start":{"line":62,"column":0},"end":{"line":62,"column":40}},"62":{"start":{"line":63,"column":0},"end":{"line":63,"column":19}},"63":{"start":{"line":64,"column":0},"end":{"line":64,"column":3}},"65":{"start":{"line":66,"column":0},"end":{"line":66,"column":38}},"66":{"start":{"line":67,"column":0},"end":{"line":67,"column":39}},"67":{"start":{"line":68,"column":0},"end":{"line":68,"column":3}},"69":{"start":{"line":70,"column":0},"end":{"line":70,"column":17}},"70":{"start":{"line":71,"column":0},"end":{"line":71,"column":48}},"71":{"start":{"line":72,"column":0},"end":{"line":72,"column":19}},"72":{"start":{"line":73,"column":0},"end":{"line":73,"column":89}},"73":{"start":{"line":74,"column":0},"end":{"line":74,"column":8}},"74":{"start":{"line":75,"column":0},"end":{"line":75,"column":13}},"75":{"start":{"line":76,"column":0},"end":{"line":76,"column":5}},"77":{"start":{"line":78,"column":0},"end":{"line":78,"column":27}},"78":{"start":{"line":79,"column":0},"end":{"line":79,"column":3}},"80":{"start":{"line":81,"column":0},"end":{"line":81,"column":16}},"81":{"start":{"line":82,"column":0},"end":{"line":82,"column":31}},"82":{"start":{"line":83,"column":0},"end":{"line":83,"column":47}},"83":{"start":{"line":84,"column":0},"end":{"line":84,"column":30}},"84":{"start":{"line":85,"column":0},"end":{"line":85,"column":23}},"85":{"start":{"line":86,"column":0},"end":{"line":86,"column":27}},"87":{"start":{"line":88,"column":0},"end":{"line":88,"column":51}},"88":{"start":{"line":89,"column":0},"end":{"line":89,"column":21}},"89":{"start":{"line":90,"column":0},"end":{"line":90,"column":5}},"91":{"start":{"line":92,"column":0},"end":{"line":92,"column":26}},"92":{"start":{"line":93,"column":0},"end":{"line":93,"column":3}},"94":{"start":{"line":95,"column":0},"end":{"line":95,"column":50}},"95":{"start":{"line":96,"column":0},"end":{"line":96,"column":23}},"96":{"start":{"line":97,"column":0},"end":{"line":97,"column":31}},"97":{"start":{"line":98,"column":0},"end":{"line":98,"column":26}},"98":{"start":{"line":99,"column":0},"end":{"line":99,"column":53}},"99":{"start":{"line":100,"column":0},"end":{"line":100,"column":29}},"100":{"start":{"line":101,"column":0},"end":{"line":101,"column":13}},"102":{"start":{"line":103,"column":0},"end":{"line":103,"column":40}},"103":{"start":{"line":104,"column":0},"end":{"line":104,"column":30}},"104":{"start":{"line":105,"column":0},"end":{"line":105,"column":59}},"105":{"start":{"line":106,"column":0},"end":{"line":106,"column":62}},"106":{"start":{"line":107,"column":0},"end":{"line":107,"column":53}},"107":{"start":{"line":108,"column":0},"end":{"line":108,"column":36}},"108":{"start":{"line":109,"column":0},"end":{"line":109,"column":23}},"109":{"start":{"line":110,"column":0},"end":{"line":110,"column":73}},"110":{"start":{"line":111,"column":0},"end":{"line":111,"column":12}},"111":{"start":{"line":112,"column":0},"end":{"line":112,"column":53}},"112":{"start":{"line":113,"column":0},"end":{"line":113,"column":39}},"113":{"start":{"line":114,"column":0},"end":{"line":114,"column":20}},"114":{"start":{"line":115,"column":0},"end":{"line":115,"column":48}},"115":{"start":{"line":116,"column":0},"end":{"line":116,"column":13}},"116":{"start":{"line":117,"column":0},"end":{"line":117,"column":9}},"118":{"start":{"line":119,"column":0},"end":{"line":119,"column":45}},"119":{"start":{"line":120,"column":0},"end":{"line":120,"column":21}},"120":{"start":{"line":121,"column":0},"end":{"line":121,"column":17}},"121":{"start":{"line":122,"column":0},"end":{"line":122,"column":9}},"123":{"start":{"line":124,"column":0},"end":{"line":124,"column":26}},"124":{"start":{"line":125,"column":0},"end":{"line":125,"column":8}},"125":{"start":{"line":126,"column":0},"end":{"line":126,"column":27}},"126":{"start":{"line":127,"column":0},"end":{"line":127,"column":56}},"127":{"start":{"line":128,"column":0},"end":{"line":128,"column":33}},"128":{"start":{"line":129,"column":0},"end":{"line":129,"column":8}},"129":{"start":{"line":130,"column":0},"end":{"line":130,"column":6}},"131":{"start":{"line":132,"column":0},"end":{"line":132,"column":33}},"132":{"start":{"line":133,"column":0},"end":{"line":133,"column":17}},"133":{"start":{"line":134,"column":0},"end":{"line":134,"column":20}},"134":{"start":{"line":135,"column":0},"end":{"line":135,"column":42}},"135":{"start":{"line":136,"column":0},"end":{"line":136,"column":3}},"137":{"start":{"line":138,"column":0},"end":{"line":138,"column":37}},"138":{"start":{"line":139,"column":0},"end":{"line":139,"column":30}},"139":{"start":{"line":140,"column":0},"end":{"line":140,"column":13}},"140":{"start":{"line":141,"column":0},"end":{"line":141,"column":5}},"142":{"start":{"line":143,"column":0},"end":{"line":143,"column":23}},"143":{"start":{"line":144,"column":0},"end":{"line":144,"column":27}},"144":{"start":{"line":145,"column":0},"end":{"line":145,"column":47}},"146":{"start":{"line":147,"column":0},"end":{"line":147,"column":50}},"147":{"start":{"line":148,"column":0},"end":{"line":148,"column":56}},"148":{"start":{"line":149,"column":0},"end":{"line":149,"column":20}},"149":{"start":{"line":150,"column":0},"end":{"line":150,"column":92}},"150":{"start":{"line":151,"column":0},"end":{"line":151,"column":8}},"151":{"start":{"line":152,"column":0},"end":{"line":152,"column":13}},"152":{"start":{"line":153,"column":0},"end":{"line":153,"column":5}},"154":{"start":{"line":155,"column":0},"end":{"line":155,"column":40}},"156":{"start":{"line":157,"column":0},"end":{"line":157,"column":29}},"157":{"start":{"line":158,"column":0},"end":{"line":158,"column":67}},"158":{"start":{"line":159,"column":0},"end":{"line":159,"column":37}},"159":{"start":{"line":160,"column":0},"end":{"line":160,"column":6}},"161":{"start":{"line":162,"column":0},"end":{"line":162,"column":17}},"162":{"start":{"line":163,"column":0},"end":{"line":163,"column":84}},"163":{"start":{"line":164,"column":0},"end":{"line":164,"column":6}},"164":{"start":{"line":165,"column":0},"end":{"line":165,"column":48}},"165":{"start":{"line":166,"column":0},"end":{"line":166,"column":34}},"166":{"start":{"line":167,"column":0},"end":{"line":167,"column":27}},"167":{"start":{"line":168,"column":0},"end":{"line":168,"column":14}},"168":{"start":{"line":169,"column":0},"end":{"line":169,"column":42}},"169":{"start":{"line":170,"column":0},"end":{"line":170,"column":7}},"171":{"start":{"line":172,"column":0},"end":{"line":172,"column":44}},"172":{"start":{"line":173,"column":0},"end":{"line":173,"column":33}},"173":{"start":{"line":174,"column":0},"end":{"line":174,"column":28}},"174":{"start":{"line":175,"column":0},"end":{"line":175,"column":16}},"175":{"start":{"line":176,"column":0},"end":{"line":176,"column":3}},"177":{"start":{"line":178,"column":0},"end":{"line":178,"column":31}},"178":{"start":{"line":179,"column":0},"end":{"line":179,"column":27}},"179":{"start":{"line":180,"column":0},"end":{"line":180,"column":13}},"180":{"start":{"line":181,"column":0},"end":{"line":181,"column":5}},"182":{"start":{"line":183,"column":0},"end":{"line":183,"column":39}},"183":{"start":{"line":184,"column":0},"end":{"line":184,"column":27}},"184":{"start":{"line":185,"column":0},"end":{"line":185,"column":17}},"185":{"start":{"line":186,"column":0},"end":{"line":186,"column":3}},"187":{"start":{"line":188,"column":0},"end":{"line":188,"column":39}},"188":{"start":{"line":189,"column":0},"end":{"line":189,"column":31}},"189":{"start":{"line":190,"column":0},"end":{"line":190,"column":13}},"190":{"start":{"line":191,"column":0},"end":{"line":191,"column":5}},"192":{"start":{"line":193,"column":0},"end":{"line":193,"column":38}},"193":{"start":{"line":194,"column":0},"end":{"line":194,"column":31}},"194":{"start":{"line":195,"column":0},"end":{"line":195,"column":3}},"196":{"start":{"line":197,"column":0},"end":{"line":197,"column":25}},"197":{"start":{"line":198,"column":0},"end":{"line":198,"column":39}},"198":{"start":{"line":199,"column":0},"end":{"line":199,"column":30}},"199":{"start":{"line":200,"column":0},"end":{"line":200,"column":11}},"200":{"start":{"line":201,"column":0},"end":{"line":201,"column":51}},"201":{"start":{"line":202,"column":0},"end":{"line":202,"column":37}},"202":{"start":{"line":203,"column":0},"end":{"line":203,"column":5}},"203":{"start":{"line":204,"column":0},"end":{"line":204,"column":3}},"205":{"start":{"line":206,"column":0},"end":{"line":206,"column":69}},"206":{"start":{"line":207,"column":0},"end":{"line":207,"column":48}},"207":{"start":{"line":208,"column":0},"end":{"line":208,"column":31}},"208":{"start":{"line":209,"column":0},"end":{"line":209,"column":18}},"209":{"start":{"line":210,"column":0},"end":{"line":210,"column":5}},"211":{"start":{"line":212,"column":0},"end":{"line":212,"column":17}},"212":{"start":{"line":213,"column":0},"end":{"line":213,"column":31}},"213":{"start":{"line":214,"column":0},"end":{"line":214,"column":15}},"214":{"start":{"line":215,"column":0},"end":{"line":215,"column":46}},"216":{"start":{"line":217,"column":0},"end":{"line":217,"column":12}},"218":{"start":{"line":219,"column":0},"end":{"line":219,"column":22}},"219":{"start":{"line":220,"column":0},"end":{"line":220,"column":25}},"220":{"start":{"line":221,"column":0},"end":{"line":221,"column":29}},"221":{"start":{"line":222,"column":0},"end":{"line":222,"column":33}},"222":{"start":{"line":223,"column":0},"end":{"line":223,"column":12}},"223":{"start":{"line":224,"column":0},"end":{"line":224,"column":40}},"224":{"start":{"line":225,"column":0},"end":{"line":225,"column":18}},"225":{"start":{"line":226,"column":0},"end":{"line":226,"column":6}},"226":{"start":{"line":227,"column":0},"end":{"line":227,"column":3}},"228":{"start":{"line":229,"column":0},"end":{"line":229,"column":54}},"229":{"start":{"line":230,"column":0},"end":{"line":230,"column":50}},"230":{"start":{"line":231,"column":0},"end":{"line":231,"column":20}},"231":{"start":{"line":232,"column":0},"end":{"line":232,"column":21}},"232":{"start":{"line":233,"column":0},"end":{"line":233,"column":27}},"233":{"start":{"line":234,"column":0},"end":{"line":234,"column":56}},"234":{"start":{"line":235,"column":0},"end":{"line":235,"column":8}},"235":{"start":{"line":236,"column":0},"end":{"line":236,"column":76}},"236":{"start":{"line":237,"column":0},"end":{"line":237,"column":5}},"238":{"start":{"line":239,"column":0},"end":{"line":239,"column":54}},"239":{"start":{"line":240,"column":0},"end":{"line":240,"column":22}},"240":{"start":{"line":241,"column":0},"end":{"line":241,"column":23}},"241":{"start":{"line":242,"column":0},"end":{"line":242,"column":23}},"242":{"start":{"line":243,"column":0},"end":{"line":243,"column":52}},"243":{"start":{"line":244,"column":0},"end":{"line":244,"column":8}},"244":{"start":{"line":245,"column":0},"end":{"line":245,"column":74}},"245":{"start":{"line":246,"column":0},"end":{"line":246,"column":5}},"246":{"start":{"line":247,"column":0},"end":{"line":247,"column":3}},"248":{"start":{"line":249,"column":0},"end":{"line":249,"column":27}},"249":{"start":{"line":250,"column":0},"end":{"line":250,"column":34}},"250":{"start":{"line":251,"column":0},"end":{"line":251,"column":26}},"251":{"start":{"line":252,"column":0},"end":{"line":252,"column":22}},"252":{"start":{"line":253,"column":0},"end":{"line":253,"column":12}},"253":{"start":{"line":254,"column":0},"end":{"line":254,"column":15}},"254":{"start":{"line":255,"column":0},"end":{"line":255,"column":11}},"255":{"start":{"line":256,"column":0},"end":{"line":256,"column":6}},"256":{"start":{"line":257,"column":0},"end":{"line":257,"column":3}},"257":{"start":{"line":258,"column":0},"end":{"line":258,"column":1}}},"s":{"0":1,"1":1,"23":1,"24":1,"25":1,"26":1,"28":1,"29":1,"30":1,"31":1,"32":1,"34":1,"35":4,"36":4,"37":4,"38":4,"39":4,"40":4,"41":4,"42":4,"44":4,"45":4,"46":4,"47":4,"48":4,"49":4,"50":4,"52":4,"53":3,"54":3,"55":0,"56":0,"58":3,"59":1,"60":3,"61":3,"62":3,"63":3,"65":4,"66":0,"67":0,"69":4,"70":3,"71":1,"72":1,"73":1,"74":1,"75":1,"77":2,"78":3,"80":4,"81":0,"82":0,"83":0,"84":0,"85":0,"87":0,"88":0,"89":0,"91":0,"92":0,"94":4,"95":3,"96":3,"97":3,"98":3,"99":1,"100":2,"102":3,"103":3,"104":1,"105":1,"106":1,"107":1,"108":1,"109":1,"110":1,"111":1,"112":1,"113":1,"114":1,"115":1,"116":1,"118":1,"119":1,"120":0,"121":0,"123":1,"124":1,"125":3,"126":2,"127":2,"128":2,"129":3,"131":3,"132":3,"133":3,"134":3,"135":3,"137":4,"138":2,"139":0,"140":0,"142":2,"143":2,"144":2,"146":2,"147":2,"148":0,"149":0,"150":0,"151":0,"152":0,"154":2,"156":2,"157":2,"158":2,"159":2,"161":2,"162":2,"163":2,"164":2,"165":2,"166":2,"167":2,"168":2,"169":2,"171":2,"172":1,"173":1,"174":2,"175":2,"177":4,"178":5,"179":3,"180":3,"182":2,"183":2,"184":2,"185":5,"187":4,"188":3,"189":3,"190":3,"192":0,"193":0,"194":3,"196":4,"197":3,"198":3,"199":3,"200":3,"201":3,"202":3,"203":3,"205":4,"206":2,"207":2,"208":0,"209":0,"211":2,"212":2,"213":1,"214":1,"216":2,"218":2,"219":2,"220":2,"221":2,"222":2,"223":2,"224":2,"225":2,"226":2,"228":4,"229":1,"230":1,"231":1,"232":1,"233":1,"234":1,"235":1,"236":1,"238":1,"239":1,"240":0,"241":0,"242":0,"243":0,"244":0,"245":0,"246":1,"248":4,"249":2,"250":2,"251":2,"252":2,"253":2,"254":2,"255":2,"256":2,"257":4},"branchMap":{"0":{"type":"branch","line":35,"loc":{"start":{"line":35,"column":25},"end":{"line":258,"column":1}},"locations":[{"start":{"line":35,"column":25},"end":{"line":258,"column":1}}]},"1":{"type":"branch","line":45,"loc":{"start":{"line":45,"column":2},"end":{"line":51,"column":3}},"locations":[{"start":{"line":45,"column":2},"end":{"line":51,"column":3}}]},"2":{"type":"branch","line":53,"loc":{"start":{"line":53,"column":2},"end":{"line":64,"column":3}},"locations":[{"start":{"line":53,"column":2},"end":{"line":64,"column":3}}]},"3":{"type":"branch","line":55,"loc":{"start":{"line":55,"column":25},"end":{"line":57,"column":5}},"locations":[{"start":{"line":55,"column":25},"end":{"line":57,"column":5}}]},"4":{"type":"branch","line":59,"loc":{"start":{"line":59,"column":41},"end":{"line":61,"column":5}},"locations":[{"start":{"line":59,"column":41},"end":{"line":61,"column":5}}]},"5":{"type":"branch","line":70,"loc":{"start":{"line":70,"column":2},"end":{"line":79,"column":3}},"locations":[{"start":{"line":70,"column":2},"end":{"line":79,"column":3}}]},"6":{"type":"branch","line":71,"loc":{"start":{"line":71,"column":13},"end":{"line":71,"column":47}},"locations":[{"start":{"line":71,"column":13},"end":{"line":71,"column":47}}]},"7":{"type":"branch","line":71,"loc":{"start":{"line":71,"column":47},"end":{"line":76,"column":5}},"locations":[{"start":{"line":71,"column":47},"end":{"line":76,"column":5}}]},"8":{"type":"branch","line":76,"loc":{"start":{"line":76,"column":4},"end":{"line":78,"column":27}},"locations":[{"start":{"line":76,"column":4},"end":{"line":78,"column":27}}]},"9":{"type":"branch","line":95,"loc":{"start":{"line":95,"column":10},"end":{"line":136,"column":3}},"locations":[{"start":{"line":95,"column":10},"end":{"line":136,"column":3}}]},"10":{"type":"branch","line":99,"loc":{"start":{"line":99,"column":42},"end":{"line":100,"column":29}},"locations":[{"start":{"line":99,"column":42},"end":{"line":100,"column":29}}]},"11":{"type":"branch","line":100,"loc":{"start":{"line":100,"column":13},"end":{"line":101,"column":13}},"locations":[{"start":{"line":100,"column":13},"end":{"line":101,"column":13}}]},"12":{"type":"branch","line":104,"loc":{"start":{"line":104,"column":17},"end":{"line":125,"column":8}},"locations":[{"start":{"line":104,"column":17},"end":{"line":125,"column":8}}]},"13":{"type":"branch","line":120,"loc":{"start":{"line":120,"column":20},"end":{"line":122,"column":9}},"locations":[{"start":{"line":120,"column":20},"end":{"line":122,"column":9}}]},"14":{"type":"branch","line":126,"loc":{"start":{"line":126,"column":15},"end":{"line":129,"column":8}},"locations":[{"start":{"line":126,"column":15},"end":{"line":129,"column":8}}]},"15":{"type":"branch","line":138,"loc":{"start":{"line":138,"column":10},"end":{"line":176,"column":3}},"locations":[{"start":{"line":138,"column":10},"end":{"line":176,"column":3}}]},"16":{"type":"branch","line":139,"loc":{"start":{"line":139,"column":29},"end":{"line":141,"column":5}},"locations":[{"start":{"line":139,"column":29},"end":{"line":141,"column":5}}]},"17":{"type":"branch","line":148,"loc":{"start":{"line":148,"column":55},"end":{"line":153,"column":5}},"locations":[{"start":{"line":148,"column":55},"end":{"line":153,"column":5}}]},"18":{"type":"branch","line":172,"loc":{"start":{"line":172,"column":37},"end":{"line":175,"column":7}},"locations":[{"start":{"line":172,"column":37},"end":{"line":175,"column":7}}]},"19":{"type":"branch","line":178,"loc":{"start":{"line":178,"column":10},"end":{"line":186,"column":3}},"locations":[{"start":{"line":178,"column":10},"end":{"line":186,"column":3}}]},"20":{"type":"branch","line":179,"loc":{"start":{"line":179,"column":26},"end":{"line":181,"column":5}},"locations":[{"start":{"line":179,"column":26},"end":{"line":181,"column":5}}]},"21":{"type":"branch","line":181,"loc":{"start":{"line":181,"column":4},"end":{"line":185,"column":17}},"locations":[{"start":{"line":181,"column":4},"end":{"line":185,"column":17}}]},"22":{"type":"branch","line":188,"loc":{"start":{"line":188,"column":10},"end":{"line":195,"column":3}},"locations":[{"start":{"line":188,"column":10},"end":{"line":195,"column":3}}]},"23":{"type":"branch","line":191,"loc":{"start":{"line":191,"column":4},"end":{"line":194,"column":31}},"locations":[{"start":{"line":191,"column":4},"end":{"line":194,"column":31}}]},"24":{"type":"branch","line":197,"loc":{"start":{"line":197,"column":10},"end":{"line":204,"column":3}},"locations":[{"start":{"line":197,"column":10},"end":{"line":204,"column":3}}]},"25":{"type":"branch","line":206,"loc":{"start":{"line":206,"column":10},"end":{"line":227,"column":3}},"locations":[{"start":{"line":206,"column":10},"end":{"line":227,"column":3}}]},"26":{"type":"branch","line":208,"loc":{"start":{"line":208,"column":30},"end":{"line":210,"column":5}},"locations":[{"start":{"line":208,"column":30},"end":{"line":210,"column":5}}]},"27":{"type":"branch","line":213,"loc":{"start":{"line":213,"column":23},"end":{"line":214,"column":15}},"locations":[{"start":{"line":213,"column":23},"end":{"line":214,"column":15}}]},"28":{"type":"branch","line":214,"loc":{"start":{"line":214,"column":10},"end":{"line":215,"column":46}},"locations":[{"start":{"line":214,"column":10},"end":{"line":215,"column":46}}]},"29":{"type":"branch","line":229,"loc":{"start":{"line":229,"column":10},"end":{"line":247,"column":3}},"locations":[{"start":{"line":229,"column":10},"end":{"line":247,"column":3}}]},"30":{"type":"branch","line":240,"loc":{"start":{"line":240,"column":21},"end":{"line":246,"column":5}},"locations":[{"start":{"line":240,"column":21},"end":{"line":246,"column":5}}]},"31":{"type":"branch","line":249,"loc":{"start":{"line":249,"column":10},"end":{"line":257,"column":3}},"locations":[{"start":{"line":249,"column":10},"end":{"line":257,"column":3}}]}},"b":{"0":[4],"1":[4],"2":[3],"3":[0],"4":[1],"5":[3],"6":[2],"7":[1],"8":[2],"9":[3],"10":[1],"11":[2],"12":[1],"13":[0],"14":[2],"15":[2],"16":[0],"17":[0],"18":[1],"19":[5],"20":[3],"21":[2],"22":[3],"23":[0],"24":[3],"25":[2],"26":[0],"27":[1],"28":[1],"29":[1],"30":[0],"31":[2]},"fnMap":{"0":{"name":"<instance_members_initializer>","decl":{"start":{"line":35,"column":25},"end":{"line":258,"column":1}},"loc":{"start":{"line":35,"column":25},"end":{"line":258,"column":1}},"line":35},"1":{"name":"EventEngine","decl":{"start":{"line":45,"column":2},"end":{"line":51,"column":3}},"loc":{"start":{"line":45,"column":2},"end":{"line":51,"column":3}},"line":45},"2":{"name":"subscribe","decl":{"start":{"line":53,"column":2},"end":{"line":64,"column":3}},"loc":{"start":{"line":53,"column":2},"end":{"line":64,"column":3}},"line":53},"3":{"name":"unsubscribe","decl":{"start":{"line":66,"column":2},"end":{"line":68,"column":3}},"loc":{"start":{"line":66,"column":2},"end":{"line":68,"column":3}},"line":66},"4":{"name":"start","decl":{"start":{"line":70,"column":2},"end":{"line":79,"column":3}},"loc":{"start":{"line":70,"column":2},"end":{"line":79,"column":3}},"line":70},"5":{"name":"stop","decl":{"start":{"line":81,"column":2},"end":{"line":93,"column":3}},"loc":{"start":{"line":81,"column":2},"end":{"line":93,"column":3}},"line":81},"6":{"name":"openStream","decl":{"start":{"line":95,"column":10},"end":{"line":136,"column":3}},"loc":{"start":{"line":95,"column":10},"end":{"line":136,"column":3}},"line":95},"7":{"name":"onmessage","decl":{"start":{"line":104,"column":17},"end":{"line":125,"column":8}},"loc":{"start":{"line":104,"column":17},"end":{"line":125,"column":8}},"line":104},"8":{"name":"onerror","decl":{"start":{"line":126,"column":15},"end":{"line":129,"column":8}},"loc":{"start":{"line":126,"column":15},"end":{"line":129,"column":8}},"line":126},"9":{"name":"handleStreamError","decl":{"start":{"line":138,"column":10},"end":{"line":176,"column":3}},"loc":{"start":{"line":138,"column":10},"end":{"line":176,"column":3}},"line":138},"10":{"name":"closeStream","decl":{"start":{"line":178,"column":10},"end":{"line":186,"column":3}},"loc":{"start":{"line":178,"column":10},"end":{"line":186,"column":3}},"line":178},"11":{"name":"clearReconnectTimer","decl":{"start":{"line":188,"column":10},"end":{"line":195,"column":3}},"loc":{"start":{"line":188,"column":10},"end":{"line":195,"column":3}},"line":188},"12":{"name":"notifyWatchers","decl":{"start":{"line":197,"column":10},"end":{"line":204,"column":3}},"loc":{"start":{"line":197,"column":10},"end":{"line":204,"column":3}},"line":197},"13":{"name":"normalize","decl":{"start":{"line":206,"column":10},"end":{"line":227,"column":3}},"loc":{"start":{"line":206,"column":10},"end":{"line":227,"column":3}},"line":206},"14":{"name":"route","decl":{"start":{"line":229,"column":10},"end":{"line":247,"column":3}},"loc":{"start":{"line":229,"column":10},"end":{"line":247,"column":3}},"line":229},"15":{"name":"withResolvedType","decl":{"start":{"line":249,"column":10},"end":{"line":257,"column":3}},"loc":{"start":{"line":249,"column":10},"end":{"line":257,"column":3}},"line":249}},"f":{"0":4,"1":4,"2":3,"3":0,"4":3,"5":0,"6":3,"7":1,"8":2,"9":2,"10":5,"11":3,"12":3,"13":2,"14":1,"15":2}}
,"C:\\Users\\YOGA 7\\Desktop\\web3\\opensource\\orbital_stellar\\packages\\pulse-core\\src\\Watcher.ts": {"path":"C:\\Users\\YOGA 7\\Desktop\\web3\\opensource\\orbital_stellar\\packages\\pulse-core\\src\\Watcher.ts","all":false,"statementMap":{"1":{"start":{"line":2,"column":0},"end":{"line":2,"column":38}},"4":{"start":{"line":5,"column":0},"end":{"line":5,"column":43}},"5":{"start":{"line":6,"column":0},"end":{"line":6,"column":27}},"6":{"start":{"line":7,"column":0},"end":{"line":7,"column":27}},"7":{"start":{"line":8,"column":0},"end":{"line":8,"column":54}},"9":{"start":{"line":10,"column":0},"end":{"line":10,"column":68}},"10":{"start":{"line":11,"column":0},"end":{"line":11,"column":12}},"11":{"start":{"line":12,"column":0},"end":{"line":12,"column":27}},"12":{"start":{"line":13,"column":0},"end":{"line":13,"column":25}},"13":{"start":{"line":14,"column":0},"end":{"line":14,"column":3}},"24":{"start":{"line":25,"column":0},"end":{"line":25,"column":5}},"25":{"start":{"line":26,"column":0},"end":{"line":26,"column":22}},"26":{"start":{"line":27,"column":0},"end":{"line":27,"column":88}},"27":{"start":{"line":28,"column":0},"end":{"line":28,"column":11}},"28":{"start":{"line":29,"column":0},"end":{"line":29,"column":35}},"29":{"start":{"line":30,"column":0},"end":{"line":30,"column":40}},"30":{"start":{"line":31,"column":0},"end":{"line":31,"column":3}},"41":{"start":{"line":42,"column":0},"end":{"line":42,"column":7}},"42":{"start":{"line":43,"column":0},"end":{"line":43,"column":22}},"43":{"start":{"line":44,"column":0},"end":{"line":44,"column":48}},"44":{"start":{"line":45,"column":0},"end":{"line":45,"column":14}},"45":{"start":{"line":46,"column":0},"end":{"line":46,"column":36}},"46":{"start":{"line":47,"column":0},"end":{"line":47,"column":40}},"47":{"start":{"line":48,"column":0},"end":{"line":48,"column":3}},"49":{"start":{"line":50,"column":0},"end":{"line":50,"column":16}},"50":{"start":{"line":51,"column":0},"end":{"line":51,"column":24}},"51":{"start":{"line":52,"column":0},"end":{"line":52,"column":13}},"52":{"start":{"line":53,"column":0},"end":{"line":53,"column":5}},"54":{"start":{"line":55,"column":0},"end":{"line":55,"column":25}},"55":{"start":{"line":56,"column":0},"end":{"line":56,"column":30}},"56":{"start":{"line":57,"column":0},"end":{"line":57,"column":32}},"57":{"start":{"line":58,"column":0},"end":{"line":58,"column":3}},"58":{"start":{"line":59,"column":0},"end":{"line":59,"column":1}}},"s":{"1":1,"4":1,"5":3,"6":3,"7":3,"9":3,"10":3,"11":3,"12":3,"13":3,"24":3,"25":2,"26":2,"27":2,"28":2,"29":2,"30":2,"41":3,"42":5,"43":5,"44":5,"45":5,"46":5,"47":5,"49":3,"50":2,"51":1,"52":1,"54":1,"55":1,"56":1,"57":2,"58":3},"branchMap":{"0":{"type":"branch","line":5,"loc":{"start":{"line":5,"column":42},"end":{"line":59,"column":1}},"locations":[{"start":{"line":5,"column":42},"end":{"line":59,"column":1}}]},"1":{"type":"branch","line":10,"loc":{"start":{"line":10,"column":2},"end":{"line":14,"column":3}},"locations":[{"start":{"line":10,"column":2},"end":{"line":14,"column":3}}]},"2":{"type":"branch","line":25,"loc":{"start":{"line":25,"column":2},"end":{"line":31,"column":3}},"locations":[{"start":{"line":25,"column":2},"end":{"line":31,"column":3}}]},"3":{"type":"branch","line":29,"loc":{"start":{"line":29,"column":23},"end":{"line":29,"column":35}},"locations":[{"start":{"line":29,"column":23},"end":{"line":29,"column":35}}]},"4":{"type":"branch","line":42,"loc":{"start":{"line":42,"column":2},"end":{"line":48,"column":3}},"locations":[{"start":{"line":42,"column":2},"end":{"line":48,"column":3}}]},"5":{"type":"branch","line":46,"loc":{"start":{"line":46,"column":23},"end":{"line":46,"column":36}},"locations":[{"start":{"line":46,"column":23},"end":{"line":46,"column":36}}]},"6":{"type":"branch","line":50,"loc":{"start":{"line":50,"column":2},"end":{"line":58,"column":3}},"locations":[{"start":{"line":50,"column":2},"end":{"line":58,"column":3}}]},"7":{"type":"branch","line":51,"loc":{"start":{"line":51,"column":23},"end":{"line":57,"column":32}},"locations":[{"start":{"line":51,"column":23},"end":{"line":57,"column":32}}]}},"b":{"0":[3],"1":[3],"2":[2],"3":[0],"4":[5],"5":[0],"6":[2],"7":[1]},"fnMap":{"0":{"name":"<instance_members_initializer>","decl":{"start":{"line":5,"column":42},"end":{"line":59,"column":1}},"loc":{"start":{"line":5,"column":42},"end":{"line":59,"column":1}},"line":5},"1":{"name":"Watcher","decl":{"start":{"line":10,"column":2},"end":{"line":14,"column":3}},"loc":{"start":{"line":10,"column":2},"end":{"line":14,"column":3}},"line":10},"2":{"name":"on","decl":{"start":{"line":25,"column":2},"end":{"line":31,"column":3}},"loc":{"start":{"line":25,"column":2},"end":{"line":31,"column":3}},"line":25},"3":{"name":"emit","decl":{"start":{"line":42,"column":2},"end":{"line":48,"column":3}},"loc":{"start":{"line":42,"column":2},"end":{"line":48,"column":3}},"line":42},"4":{"name":"stop","decl":{"start":{"line":50,"column":2},"end":{"line":58,"column":3}},"loc":{"start":{"line":50,"column":2},"end":{"line":58,"column":3}},"line":50}},"f":{"0":3,"1":3,"2":2,"3":5,"4":2}}
,"C:\\Users\\YOGA 7\\Desktop\\web3\\opensource\\orbital_stellar\\packages\\pulse-core\\src\\index.ts": {"path":"C:\\Users\\YOGA 7\\Desktop\\web3\\opensource\\orbital_stellar\\packages\\pulse-core\\src\\index.ts","all":true,"statementMap":{"0":{"start":{"line":1,"column":0},"end":{"line":1,"column":47}},"1":{"start":{"line":2,"column":0},"end":{"line":2,"column":39}},"2":{"start":{"line":3,"column":0},"end":{"line":3,"column":0}},"3":{"start":{"line":4,"column":0},"end":{"line":4,"column":44}},"4":{"start":{"line":5,"column":0},"end":{"line":5,"column":0}},"5":{"start":{"line":6,"column":0},"end":{"line":6,"column":67}},"6":{"start":{"line":7,"column":0},"end":{"line":7,"column":37}},"7":{"start":{"line":8,"column":0},"end":{"line":8,"column":25}},"8":{"start":{"line":9,"column":0},"end":{"line":9,"column":25}},"9":{"start":{"line":10,"column":0},"end":{"line":10,"column":0}},"10":{"start":{"line":11,"column":0},"end":{"line":11,"column":31}},"11":{"start":{"line":12,"column":0},"end":{"line":12,"column":25}},"12":{"start":{"line":13,"column":0},"end":{"line":13,"column":13}},"13":{"start":{"line":14,"column":0},"end":{"line":14,"column":15}},"14":{"start":{"line":15,"column":0},"end":{"line":15,"column":17}},"15":{"start":{"line":16,"column":0},"end":{"line":16,"column":16}},"16":{"start":{"line":17,"column":0},"end":{"line":17,"column":20}},"17":{"start":{"line":18,"column":0},"end":{"line":18,"column":15}},"18":{"start":{"line":19,"column":0},"end":{"line":19,"column":2}},"19":{"start":{"line":20,"column":0},"end":{"line":20,"column":0}},"20":{"start":{"line":21,"column":0},"end":{"line":21,"column":35}},"21":{"start":{"line":22,"column":0},"end":{"line":22,"column":32}},"22":{"start":{"line":23,"column":0},"end":{"line":23,"column":18}},"23":{"start":{"line":24,"column":0},"end":{"line":24,"column":19}},"24":{"start":{"line":25,"column":0},"end":{"line":25,"column":20}},"25":{"start":{"line":26,"column":0},"end":{"line":26,"column":2}},"26":{"start":{"line":27,"column":0},"end":{"line":27,"column":0}},"27":{"start":{"line":28,"column":0},"end":{"line":28,"column":31}},"28":{"start":{"line":29,"column":0},"end":{"line":29,"column":26}},"29":{"start":{"line":30,"column":0},"end":{"line":30,"column":22}},"30":{"start":{"line":31,"column":0},"end":{"line":31,"column":22}},"31":{"start":{"line":32,"column":0},"end":{"line":32,"column":2}},"32":{"start":{"line":33,"column":0},"end":{"line":33,"column":0}},"33":{"start":{"line":34,"column":0},"end":{"line":34,"column":26}},"34":{"start":{"line":35,"column":0},"end":{"line":35,"column":19}},"35":{"start":{"line":36,"column":0},"end":{"line":36,"column":30}},"36":{"start":{"line":37,"column":0},"end":{"line":37,"column":2}}},"s":{"0":0,"1":0,"2":0,"3":0,"4":0,"5":0,"6":0,"7":0,"8":0,"9":0,"10":0,"11":0,"12":0,"13":0,"14":0,"15":0,"16":0,"17":0,"18":0,"19":0,"20":0,"21":0,"22":0,"23":0,"24":0,"25":0,"26":0,"27":0,"28":0,"29":0,"30":0,"31":0,"32":0,"33":0,"34":0,"35":0,"36":0},"branchMap":{"0":{"type":"branch","line":1,"loc":{"start":{"line":1,"column":0},"end":{"line":37,"column":2}},"locations":[{"start":{"line":1,"column":0},"end":{"line":37,"column":2}}]}},"b":{"0":[0]},"fnMap":{"0":{"name":"(empty-report)","decl":{"start":{"line":1,"column":0},"end":{"line":37,"column":2}},"loc":{"start":{"line":1,"column":0},"end":{"line":37,"column":2}},"line":1}},"f":{"0":0}}
}
